<?xml version="1.0" encoding="UTF-8" ?>
<testsuite errors="0" failures="1" hostname="DESKTOP-47JQ6TU" name="CalcTests" skipped="0" tests="4" time="0.072" timestamp="2018-02-26T23:42:20">
  <properties>
[...]
</properties>
  <testcase classname="CalcTests" name="testAdd" time="0.001" />
  <testcase classname="CalcTests" name="testSubtract" time="0.0" />
  <testcase classname="CalcTests" name="testDivide" time="0.005">
    <failure message="expected:&lt;5.5&gt; but was:&lt;5.0&gt;" type="junit.framework.AssertionFailedError">junit.framework.AssertionFailedError: expected:&lt;5.5&gt; but was:&lt;5.0&gt;
	at CalcTests.testDivide(CalcTests.java:31)
</failure>
  </testcase>
  <testcase classname="CalcTests" name="testMultiply" time="0.0" />
  <system-out><![CDATA[]]></system-out>
  <system-err><![CDATA[]]></system-err>
</testsuite>
